[    0.000000] Initializing cgroup subsys cpuset
[    0.000000] Initializing cgroup subsys cpu
[    0.000000] Initializing cgroup subsys cpuacct
[    0.000000] Linux version 4.4.0-169-generic (buildd@lgw01-amd64-038) (gcc version 5.4.0 20160609 (Ubuntu 5.4.0-6ubuntu1~16.04.12) ) #198-Ubuntu SMP Tue Nov 12 10:38:00 UTC 2019 (Ubuntu 4.4.0-169.198-generic 4.4.197)
[    0.000000] Command line: BOOT_IMAGE=/boot/vmlinuz-4.4.0-169-generic root=LABEL=cloudimg-rootfs ro console=tty1 console=ttyS0
[    0.000000] KERNEL supported cpus:
[    0.000000]   Intel GenuineIntel
[    0.000000]   AMD AuthenticAMD
[    0.000000]   Centaur CentaurHauls
[    0.000000] x86/fpu: xstate_offset[2]:  576, xstate_sizes[2]:  256
[    0.000000] x86/fpu: Supporting XSAVE feature 0x01: 'x87 floating point registers'
[    0.000000] x86/fpu: Supporting XSAVE feature 0x02: 'SSE registers'
[    0.000000] x86/fpu: Supporting XSAVE feature 0x04: 'AVX registers'
[    0.000000] x86/fpu: Enabled xstate features 0x7, context size is 832 bytes, using 'standard' format.
[    0.000000] e820: BIOS-provided physical RAM map:
[    0.000000] BIOS-e820: [mem 0x0000000000000000-0x000000000009fbff] usable
[    0.000000] BIOS-e820: [mem 0x000000000009fc00-0x000000000009ffff] reserved
[    0.000000] BIOS-e820: [mem 0x00000000000f0000-0x00000000000fffff] reserved
[    0.000000] BIOS-e820: [mem 0x0000000000100000-0x00000000dffeffff] usable
[    0.000000] BIOS-e820: [mem 0x00000000dfff0000-0x00000000dfffffff] ACPI data
[    0.000000] BIOS-e820: [mem 0x00000000fec00000-0x00000000fec00fff] reserved
[    0.000000] BIOS-e820: [mem 0x00000000fee00000-0x00000000fee00fff] reserved
[    0.000000] BIOS-e820: [mem 0x00000000fffc0000-0x00000000ffffffff] reserved
[    0.000000] BIOS-e820: [mem 0x0000000100000000-0x000000011fffffff] usable
[    0.000000] NX (Execute Disable) protection: active
[    0.000000] SMBIOS 2.5 present.
[    0.000000] Hypervisor detected: KVM
[    0.000000] e820: last_pfn = 0x120000 max_arch_pfn = 0x400000000
[    0.000000] MTRR: Disabled
[    0.000000] x86/PAT: MTRRs disabled, skipping PAT initialization too.
[    0.000000] CPU MTRRs all blank - virtualized system.
[    0.000000] x86/PAT: Configuration [0-7]: WB  WT  UC- UC  WB  WT  UC- UC  
[    0.000000] e820: last_pfn = 0xdfff0 max_arch_pfn = 0x400000000
[    0.000000] found SMP MP-table at [mem 0x0009fff0-0x0009ffff] mapped at [ffff88000009fff0]
[    0.000000] Scanning 1 areas for low memory corruption
[    0.000000] RAMDISK: [mem 0x362f6000-0x37172fff]
[    0.000000] ACPI: Early table checksum verification disabled
[    0.000000] ACPI: RSDP 0x00000000000E0000 000024 (v02 VBOX  )
[    0.000000] ACPI: XSDT 0x00000000DFFF0030 00003C (v01 VBOX   VBOXXSDT 00000001 ASL  00000061)
[    0.000000] ACPI: FACP 0x00000000DFFF00F0 0000F4 (v04 VBOX   VBOXFACP 00000001 ASL  00000061)
[    0.000000] ACPI: DSDT 0x00000000DFFF0470 0022EA (v02 VBOX   VBOXBIOS 00000002 INTL 20100528)
[    0.000000] ACPI: FACS 0x00000000DFFF0200 000040
[    0.000000] ACPI: FACS 0x00000000DFFF0200 000040
[    0.000000] ACPI: APIC 0x00000000DFFF0240 00005C (v02 VBOX   VBOXAPIC 00000001 ASL  00000061)
[    0.000000] ACPI: SSDT 0x00000000DFFF02A0 0001CC (v01 VBOX   VBOXCPUT 00000002 INTL 20100528)
[    0.000000] No NUMA configuration found
[    0.000000] Faking a node at [mem 0x0000000000000000-0x000000011fffffff]
[    0.000000] NODE_DATA(0) allocated [mem 0x11fff7000-0x11fffbfff]
[    0.000000] kvm-clock: Using msrs 4b564d01 and 4b564d00
[    0.000000] kvm-clock: cpu 0, msr 1:1ffef001, primary cpu clock
[    0.000000] kvm-clock: using sched offset of 4318007764 cycles
[    0.000000] clocksource: kvm-clock: mask: 0xffffffffffffffff max_cycles: 0x1cd42e4dffb, max_idle_ns: 881590591483 ns
[    0.000000] Zone ranges:
[    0.000000]   DMA      [mem 0x0000000000001000-0x0000000000ffffff]
[    0.000000]   DMA32    [mem 0x0000000001000000-0x00000000ffffffff]
[    0.000000]   Normal   [mem 0x0000000100000000-0x000000011fffffff]
[    0.000000]   Device   empty
[    0.000000] Movable zone start for each node
[    0.000000] Early memory node ranges
[    0.000000]   node   0: [mem 0x0000000000001000-0x000000000009efff]
[    0.000000]   node   0: [mem 0x0000000000100000-0x00000000dffeffff]
[    0.000000]   node   0: [mem 0x0000000100000000-0x000000011fffffff]
[    0.000000] Initmem setup node 0 [mem 0x0000000000001000-0x000000011fffffff]
[    0.000000] ACPI: PM-Timer IO Port: 0x4008
[    0.000000] IOAPIC[0]: apic_id 2, version 32, address 0xfec00000, GSI 0-23
[    0.000000] ACPI: INT_SRC_OVR (bus 0 bus_irq 0 global_irq 2 dfl dfl)
[    0.000000] ACPI: INT_SRC_OVR (bus 0 bus_irq 9 global_irq 9 low level)
[    0.000000] Using ACPI (MADT) for SMP configuration information
[    0.000000] smpboot: Allowing 2 CPUs, 0 hotplug CPUs
[    0.000000] PM: Registered nosave memory: [mem 0x00000000-0x00000fff]
[    0.000000] PM: Registered nosave memory: [mem 0x0009f000-0x0009ffff]
[    0.000000] PM: Registered nosave memory: [mem 0x000a0000-0x000effff]
[    0.000000] PM: Registered nosave memory: [mem 0x000f0000-0x000fffff]
[    0.000000] PM: Registered nosave memory: [mem 0xdfff0000-0xdfffffff]
[    0.000000] PM: Registered nosave memory: [mem 0xe0000000-0xfebfffff]
[    0.000000] PM: Registered nosave memory: [mem 0xfec00000-0xfec00fff]
[    0.000000] PM: Registered nosave memory: [mem 0xfec01000-0xfedfffff]
[    0.000000] PM: Registered nosave memory: [mem 0xfee00000-0xfee00fff]
[    0.000000] PM: Registered nosave memory: [mem 0xfee01000-0xfffbffff]
[    0.000000] PM: Registered nosave memory: [mem 0xfffc0000-0xffffffff]
[    0.000000] e820: [mem 0xe0000000-0xfebfffff] available for PCI devices
[    0.000000] Booting paravirtualized kernel on KVM
[    0.000000] clocksource: refined-jiffies: mask: 0xffffffff max_cycles: 0xffffffff, max_idle_ns: 7645519600211568 ns
[    0.000000] setup_percpu: NR_CPUS:512 nr_cpumask_bits:512 nr_cpu_ids:2 nr_node_ids:1
[    0.000000] PERCPU: Embedded 33 pages/cpu @ffff88011fc00000 s95448 r8192 d31528 u1048576
[    0.000000] Built 1 zonelists in Node order, mobility grouping on.  Total pages: 1032056
[    0.000000] Policy zone: Normal
[    0.000000] Kernel command line: BOOT_IMAGE=/boot/vmlinuz-4.4.0-169-generic root=LABEL=cloudimg-rootfs ro console=tty1 console=ttyS0
[    0.000000] PID hash table entries: 4096 (order: 3, 32768 bytes)
[    0.000000] Memory: 4028232K/4193848K available (8623K kernel code, 1336K rwdata, 4036K rodata, 1488K init, 1288K bss, 165616K reserved, 0K cma-reserved)
[    0.000000] SLUB: HWalign=64, Order=0-3, MinObjects=0, CPUs=2, Nodes=1
[    0.000000] Kernel/User page tables isolation: enabled
[    0.000000] Hierarchical RCU implementation.
[    0.000000] 	Build-time adjustment of leaf fanout to 64.
[    0.000000] 	RCU restricting CPUs from NR_CPUS=512 to nr_cpu_ids=2.
[    0.000000] RCU: Adjusting geometry for rcu_fanout_leaf=64, nr_cpu_ids=2
[    0.000000] NR_IRQS:33024 nr_irqs:440 16
[    0.000000] Console: colour VGA+ 80x25
[    0.000000] console [tty1] enabled
[    0.000000] console [ttyS0] enabled
[    0.000000] tsc: Detected 2893.406 MHz processor
[    0.325235] Calibrating delay loop (skipped) preset value.. 5786.81 BogoMIPS (lpj=11573624)
[    0.328127] pid_max: default: 32768 minimum: 301
[    0.329611] ACPI: Core revision 20150930
[    0.331721] ACPI: 2 ACPI AML tables successfully acquired and loaded
[    0.333809] Security Framework initialized
[    0.335126] Yama: becoming mindful.
[    0.336382] AppArmor: AppArmor initialized
[    0.339253] Dentry cache hash table entries: 524288 (order: 10, 4194304 bytes)
[    0.345097] Inode-cache hash table entries: 262144 (order: 9, 2097152 bytes)
[    0.347503] Mount-cache hash table entries: 8192 (order: 4, 65536 bytes)
[    0.349572] Mountpoint-cache hash table entries: 8192 (order: 4, 65536 bytes)
[    0.353204] Initializing cgroup subsys io
[    0.354507] Initializing cgroup subsys memory
[    0.356005] Initializing cgroup subsys devices
[    0.357480] Initializing cgroup subsys freezer
[    0.358878] Initializing cgroup subsys net_cls
[    0.360333] Initializing cgroup subsys perf_event
[    0.361924] Initializing cgroup subsys net_prio
[    0.363348] Initializing cgroup subsys hugetlb
[    0.365449] Initializing cgroup subsys pids
[    0.367138] mce: CPU supports 0 MCE banks
[    0.368546] Last level iTLB entries: 4KB 512, 2MB 8, 4MB 8
[    0.370218] Last level dTLB entries: 4KB 512, 2MB 32, 4MB 32, 1GB 0
[    0.372228] Spectre V1 : Mitigation: usercopy/swapgs barriers and __user pointer sanitization
[    0.374887] Spectre V2 : Mitigation: Full generic retpoline
[    0.376688] Spectre V2 : Spectre v2 / SpectreRSB mitigation: Filling RSB on context switch
[    0.379269] Speculative Store Bypass: Vulnerable
[    0.380881] MDS: Mitigation: Clear CPU buffers
[    0.385068] Freeing SMP alternatives memory: 36K
[    0.392600] ftrace: allocating 32301 entries in 127 pages
[    0.480665] smpboot: APIC(0) Converting physical 0 to logical package 0
[    0.485273] smpboot: Max logical packages: 1
[    0.488967] x2apic enabled
[    0.491561] Switched APIC routing to physical x2apic.
[    0.497457] ..TIMER: vector=0x30 apic1=0 pin1=2 apic2=-1 pin2=-1
[    0.610294] smpboot: CPU0: Intel(R) Core(TM) i7-3520M CPU @ 2.90GHz (family: 0x6, model: 0x3a, stepping: 0x9)
[    0.614872] Performance Events: unsupported p6 CPU model 58 no PMU driver, software events only.
[    0.630205] KVM setup paravirtual spinlock
[    0.632289] x86: Booting SMP configuration:
[    0.633631] .... node  #0, CPUs:      #1
[    0.635171] kvm-clock: cpu 1, msr 1:1ffef041, secondary cpu clock
[    0.637008] mce: CPU supports 0 MCE banks
[    0.639992] x86: Booted up 1 node, 2 CPUs
[    0.641616] smpboot: Total of 2 processors activated (11573.62 BogoMIPS)
[    0.644083] devtmpfs: initialized
[    0.647657] evm: security.selinux
[    0.648825] evm: security.SMACK64
[    0.650058] evm: security.SMACK64EXEC
[    0.651341] evm: security.SMACK64TRANSMUTE
[    0.652718] evm: security.SMACK64MMAP
[    0.653903] evm: security.ima
[    0.655006] evm: security.capability
[    0.656436] clocksource: jiffies: mask: 0xffffffff max_cycles: 0xffffffff, max_idle_ns: 7645041785100000 ns
[    0.659457] futex hash table entries: 512 (order: 3, 32768 bytes)
[    0.661543] pinctrl core: initialized pinctrl subsystem
[    0.663322] RTC time:  2:21:31, date: 12/03/19
[    0.664989] NET: Registered protocol family 16
[    0.678588] cpuidle: using governor ladder
[    0.691030] cpuidle: using governor menu
[    0.692420] PCCT header not found.
[    0.693740] ACPI: bus type PCI registered
[    0.695117] acpiphp: ACPI Hot Plug PCI Controller Driver version: 0.5
[    0.697234] PCI: Using configuration type 1 for base access
[    0.711579] ACPI: Added _OSI(Module Device)
[    0.712964] ACPI: Added _OSI(Processor Device)
[    0.714461] ACPI: Added _OSI(3.0 _SCP Extensions)
[    0.715942] ACPI: Added _OSI(Processor Aggregator Device)
[    0.718443] ACPI: Executed 1 blocks of module-level executable AML code
[    0.722703] ACPI: Interpreter enabled
[    0.724210] ACPI: (supports S0 S5)
[    0.725333] ACPI: Using IOAPIC for interrupt routing
[    0.727296] PCI: Using host bridge windows from ACPI; if necessary, use "pci=nocrs" and report a bug
[    0.736069] ACPI: PCI Root Bridge [PCI0] (domain 0000 [bus 00-ff])
[    0.737931] acpi PNP0A03:00: _OSC: OS supports [ASPM ClockPM Segments MSI]
[    0.740931] acpi PNP0A03:00: _OSC: not requesting OS control; OS requires [ExtendedConfig ASPM ClockPM MSI]
[    0.744018] acpi PNP0A03:00: fail to add MMCONFIG information, can't access extended PCI configuration space under this bridge.
[    0.747980] PCI host bridge to bus 0000:00
[    0.759077] pci_bus 0000:00: root bus resource [io  0x0000-0x0cf7 window]
[    0.761142] pci_bus 0000:00: root bus resource [io  0x0d00-0xffff window]
[    0.763502] pci_bus 0000:00: root bus resource [mem 0x000a0000-0x000bffff window]
[    0.765858] pci_bus 0000:00: root bus resource [mem 0xe0000000-0xfdffffff window]
[    0.768487] pci_bus 0000:00: root bus resource [bus 00-ff]
[    0.774030] pci 0000:00:01.1: legacy IDE quirk: reg 0x10: [io  0x01f0-0x01f7]
[    0.776178] pci 0000:00:01.1: legacy IDE quirk: reg 0x14: [io  0x03f6]
[    0.778197] pci 0000:00:01.1: legacy IDE quirk: reg 0x18: [io  0x0170-0x0177]
[    0.780322] pci 0000:00:01.1: legacy IDE quirk: reg 0x1c: [io  0x0376]
[    0.834796] pci 0000:00:07.0: quirk: [io  0x4000-0x403f] claimed by PIIX4 ACPI
[    0.837202] pci 0000:00:07.0: quirk: [io  0x4100-0x410f] claimed by PIIX4 SMB
[    0.857729] ACPI: PCI Interrupt Link [LNKA] (IRQs 5 9 10 *11)
[    0.860207] ACPI: PCI Interrupt Link [LNKB] (IRQs 5 9 *10 11)
[    0.863564] ACPI: PCI Interrupt Link [LNKC] (IRQs 5 *9 10 11)
[    0.866474] ACPI: PCI Interrupt Link [LNKD] (IRQs 5 9 10 *11)
[    0.870074] ACPI: Enabled 2 GPEs in block 00 to 07
[    0.872069] vgaarb: setting as boot device: PCI:0000:00:02.0
[    0.873769] vgaarb: device added: PCI:0000:00:02.0,decodes=io+mem,owns=io+mem,locks=none
[    0.876481] vgaarb: loaded
[    0.877434] vgaarb: bridge control possible 0000:00:02.0
[    0.879362] SCSI subsystem initialized
[    0.880976] ACPI: bus type USB registered
[    0.882362] usbcore: registered new interface driver usbfs
[    0.884113] usbcore: registered new interface driver hub
[    0.885774] usbcore: registered new device driver usb
[    0.887686] PCI: Using ACPI for IRQ routing
[    0.889462] NetLabel: Initializing
[    0.890655] NetLabel:  domain hash size = 128
[    0.892102] NetLabel:  protocols = UNLABELED CIPSOv4
[    0.893636] NetLabel:  unlabeled traffic allowed by default
[    0.895679] amd_nb: Cannot enumerate AMD northbridges
[    0.898730] clocksource: Switched to clocksource kvm-clock
[    0.908295] AppArmor: AppArmor Filesystem Enabled
[    0.909847] pnp: PnP ACPI init
[    0.912399] pnp: PnP ACPI: found 3 devices
[    0.923770] clocksource: acpi_pm: mask: 0xffffff max_cycles: 0xffffff, max_idle_ns: 2085701024 ns
[    0.926561] NET: Registered protocol family 2
[    0.928192] TCP established hash table entries: 32768 (order: 6, 262144 bytes)
[    0.930610] TCP bind hash table entries: 32768 (order: 7, 524288 bytes)
[    0.934155] TCP: Hash tables configured (established 32768 bind 32768)
[    0.936192] UDP hash table entries: 2048 (order: 4, 65536 bytes)
[    0.938000] UDP-Lite hash table entries: 2048 (order: 4, 65536 bytes)
[    0.939996] NET: Registered protocol family 1
[    0.941467] pci 0000:00:00.0: Limiting direct PCI/PCI transfers
[    0.943336] pci 0000:00:01.0: Activating ISA DMA hang workarounds
[    0.945553] Unpacking initramfs...
[    1.153081] Freeing initrd memory: 14836K
[    1.154716] PCI-DMA: Using software bounce buffering for IO (SWIOTLB)
[    1.157043] software IO TLB: mapped [mem 0xdbff0000-0xdfff0000] (64MB)
[    1.159215] RAPL PMU detected, API unit is 2^-32 Joules, 3 fixed counters 10737418240 ms ovfl timer
[    1.162205] hw unit of domain pp0-core 2^-0 Joules
[    1.163807] hw unit of domain package 2^-0 Joules
[    1.165275] hw unit of domain pp1-gpu 2^-0 Joules
[    1.166733] clocksource: tsc: mask: 0xffffffffffffffff max_cycles: 0x29b4ee1aabe, max_idle_ns: 440795265226 ns
[    1.169905] platform rtc_cmos: registered platform RTC device (no PNP device found)
[    1.172437] Scanning for low memory corruption every 60 seconds
[    1.174619] audit: initializing netlink subsys (disabled)
[    1.176384] audit: type=2000 audit(1575339697.929:1): initialized
[    1.178437] Initialise system trusted keyring
[    1.180219] HugeTLB registered 2 MB page size, pre-allocated 0 pages
[    1.183366] zbud: loaded
[    1.184685] VFS: Disk quotas dquot_6.6.0
[    1.185996] VFS: Dquot-cache hash table entries: 512 (order 0, 4096 bytes)
[    1.188331] squashfs: version 4.0 (2009/01/31) Phillip Lougher
[    1.190445] fuse init (API version 7.23)
[    1.192140] Key type big_key registered
[    1.193401] Allocating IMA MOK and blacklist keyrings.
[    1.196279] Key type asymmetric registered
[    1.197609] Asymmetric key parser 'x509' registered
[    1.199184] Block layer SCSI generic (bsg) driver version 0.4 loaded (major 249)
[    1.203043] io scheduler noop registered
[    1.204328] io scheduler deadline registered (default)
[    1.205952] io scheduler cfq registered
[    1.207336] pci_hotplug: PCI Hot Plug PCI Core version: 0.5
[    1.209033] pciehp: PCI Express Hot Plug Controller Driver version: 0.4
[    1.211483] ACPI: AC Adapter [AC] (on-line)
[    1.212894] input: Power Button as /devices/LNXSYSTM:00/LNXPWRBN:00/input/input0
[    1.215313] ACPI: Power Button [PWRF]
[    1.216724] input: Sleep Button as /devices/LNXSYSTM:00/LNXSLPBN:00/input/input1
[    1.219094] ACPI: Sleep Button [SLPF]
[    1.220704] GHES: HEST is not enabled!
[    1.223451] Serial: 8250/16550 driver, 32 ports, IRQ sharing enabled
[    1.226202] ACPI: Battery Slot [BAT0] (battery present)
[    1.248872] 00:02: ttyS0 at I/O 03f8 (irq = 4, base_baud = 115200) is a 16550A
[    1.257559] Linux agpgart interface v0.103
[    1.261315] loop: module loaded
[    1.263167] scsi host0: ata_piix
[    1.264429] scsi host1: ata_piix
[    1.265548] ata1: PATA max UDMA/33 cmd 0x1f0 ctl 0x3f6 bmdma 0xd000 irq 14
[    1.267642] ata2: PATA max UDMA/33 cmd 0x170 ctl 0x376 bmdma 0xd008 irq 15
[    1.269730] libphy: Fixed MDIO Bus: probed
[    1.271502] tun: Universal TUN/TAP device driver, 1.6
[    1.273050] tun: (C) 1999-2004 Max Krasnyansky <maxk@qualcomm.com>
[    1.275028] PPP generic driver version 2.4.2
[    1.276526] ehci_hcd: USB 2.0 'Enhanced' Host Controller (EHCI) Driver
[    1.278489] ehci-pci: EHCI PCI platform driver
[    1.280000] ehci-platform: EHCI generic platform driver
[    1.281784] ohci_hcd: USB 1.1 'Open' Host Controller (OHCI) Driver
[    1.283720] ohci-pci: OHCI PCI platform driver
[    1.285156] ohci-platform: OHCI generic platform driver
[    1.286745] uhci_hcd: USB Universal Host Controller Interface driver
[    1.288767] i8042: PNP: PS/2 Controller [PNP0303:PS2K,PNP0f03:PS2M] at 0x60,0x64 irq 1,12
[    1.291903] serio: i8042 KBD port at 0x60,0x64 irq 1
[    1.293454] serio: i8042 AUX port at 0x60,0x64 irq 12
[    1.295317] mousedev: PS/2 mouse device common for all mice
[    1.297849] input: AT Translated Set 2 keyboard as /devices/platform/i8042/serio0/input/input2
[    1.300755] rtc_cmos rtc_cmos: rtc core: registered rtc_cmos as rtc0
[    1.303012] rtc_cmos rtc_cmos: alarms up to one day, 114 bytes nvram
[    1.304912] i2c /dev entries driver
[    1.306224] device-mapper: uevent: version 1.0.3
[    1.307873] device-mapper: ioctl: 4.34.0-ioctl (2015-10-28) initialised: dm-devel@redhat.com
[    1.310541] ledtrig-cpu: registered to indicate activity on CPUs
[    1.313316] NET: Registered protocol family 10
[    1.314976] NET: Registered protocol family 17
[    1.316387] Key type dns_resolver registered
[    1.318211] registered taskstats version 1
[    1.319581] Loading compiled-in X.509 certificates
[    1.321699] Loaded X.509 cert 'Build time autogenerated kernel key: ef3203c14e3994470d47ef6a7e15c1ade40f8e1e'
[    1.324883] zswap: loaded using pool lzo/zbud
[    1.329052] Key type trusted registered
[    1.334133] Key type encrypted registered
[    1.335607] AppArmor: AppArmor sha1 policy hashing enabled
[    1.337274] ima: No TPM chip found, activating TPM-bypass!
[    1.338940] ima: Allocated hash algorithm: sha1
[    1.340445] evm: HMAC attrs: 0x1
[    1.342157]   Magic number: 15:293:358
[    1.343583] rtc_cmos rtc_cmos: setting system clock to 2019-12-03 02:21:32 UTC (1575339692)
[    1.346457] BIOS EDD facility v0.16 2004-Jun-25, 0 devices found
[    1.348383] EDD information not available.
[    1.426160] Freeing unused kernel memory: 1488K
[    1.428511] Write protecting the kernel read-only data: 14336k
[    1.431433] Freeing unused kernel memory: 1604K
[    1.433314] Freeing unused kernel memory: 60K
Loading, please wait...
starting version 229
[    1.451259] random: systemd-udevd: uninitialized urandom read (16 bytes read, 2 bits of entropy available)
[    1.451951] random: udevadm: uninitialized urandom read (16 bytes read, 2 bits of entropy available)
[    1.451992] random: udevadm: uninitialized urandom read (16 bytes read, 2 bits of entropy available)
[    1.460069] random: systemd-udevd: uninitialized urandom read (16 bytes read, 2 bits of entropy available)
[    1.463289] random: systemd-udevd: uninitialized urandom read (16 bytes read, 2 bits of entropy available)
[    1.466313] random: systemd-udevd: uninitialized urandom read (16 bytes read, 2 bits of entropy available)
[    1.466648] random: udevadm: uninitialized urandom read (16 bytes read, 2 bits of entropy available)
[    1.466717] random: udevadm: uninitialized urandom read (16 bytes read, 2 bits of entropy available)
[    1.467044] random: udevadm: uninitialized urandom read (16 bytes read, 2 bits of entropy available)
[    1.467145] random: udevadm: uninitialized urandom read (16 bytes read, 2 bits of entropy available)
[    1.523797] Fusion MPT base driver 3.04.20
[    1.526056] Copyright (c) 1999-2008 LSI Corporation
[    1.528955] e1000: Intel(R) PRO/1000 Network Driver - version 7.3.21-k8-NAPI
[    1.532166] e1000: Copyright (c) 1999-2006 Intel Corporation.
[    1.549564] Fusion MPT SPI Host driver 3.04.20
[    1.620914] AVX version of gcm_enc/dec engaged.
[    1.624943] AES CTR mode by8 optimization enabled
[    1.742656] input: ImExPS/2 Generic Explorer Mouse as /devices/platform/i8042/serio1/input/input4
[    2.030069] e1000 0000:00:03.0 eth0: (PCI:33MHz:32-bit) 02:39:67:e0:78:98
[    2.032157] e1000 0000:00:03.0 eth0: Intel(R) PRO/1000 Network Connection
[    2.035958] e1000 0000:00:03.0 enp0s3: renamed from eth0
[    2.037725] mptbase: ioc0: Initiating bringup
[    2.107427] ioc0: LSI53C1030 A0: Capabilities={Initiator}
[    2.270233] scsi host2: ioc0: LSI53C1030 A0, FwRev=00000000h, Ports=1, MaxQ=256, IRQ=20
[    2.388559] scsi 2:0:0:0: Direct-Access     VBOX     HARDDISK         1.0  PQ: 0 ANSI: 5
[    2.392390] scsi target2:0:0: Beginning Domain Validation
[    2.395978] scsi target2:0:0: Domain Validation skipping write tests
[    2.398207] scsi target2:0:0: Ending Domain Validation
[    2.400280] scsi target2:0:0: asynchronous
[    2.402598] scsi 2:0:1:0: Direct-Access     VBOX     HARDDISK         1.0  PQ: 0 ANSI: 5
[    2.405785] scsi target2:0:1: Beginning Domain Validation
[    2.409830] scsi target2:0:1: Domain Validation skipping write tests
[    2.411805] scsi target2:0:1: Ending Domain Validation
[    2.413527] scsi target2:0:1: asynchronous
[    2.421679] sd 2:0:0:0: Attached scsi generic sg0 type 0
[    2.423611] sd 2:0:0:0: [sda] 20971520 512-byte logical blocks: (10.7 GB/10.0 GiB)
[    2.426551] sd 2:0:1:0: [sdb] 20480 512-byte logical blocks: (10.5 MB/10.0 MiB)
[    2.429231] sd 2:0:1:0: Attached scsi generic sg1 type 0
[    2.430991] sd 2:0:0:0: [sda] Write Protect is off
[    2.431286] sd 2:0:1:0: [sdb] Write Protect is off
[    2.431473] sd 2:0:1:0: [sdb] Incomplete mode parameter data
[    2.431475] sd 2:0:1:0: [sdb] Assuming drive cache: write through
[    2.437275] sd 2:0:1:0: [sdb] Attached SCSI disk
[    2.440174] sd 2:0:0:0: [sda] Incomplete mode parameter data
[    2.441975] sd 2:0:0:0: [sda] Assuming drive cache: write through
[    2.472902]  sda: sda1
[    2.476081] sd 2:0:0:0: [sda] Attached SCSI disk
Begin: Loading essential drivers ... [    3.847344] md: linear personality registered for level -1
[    3.858234] md: multipath personality registered for level -4
[    3.868589] md: raid0 personality registered for level 0
[    3.885564] md: raid1 personality registered for level 1
[    3.967202] raid6: sse2x1   gen()  9073 MB/s
[    4.034775] raid6: sse2x1   xor()  7406 MB/s
[    4.103219] raid6: sse2x2   gen() 11278 MB/s
[    4.170994] raid6: sse2x2   xor()  7769 MB/s
[    4.241455] raid6: sse2x4   gen() 13547 MB/s
[    4.311507] raid6: sse2x4   xor() 11147 MB/s
[    4.312906] raid6: using algorithm sse2x4 gen() 13547 MB/s
[    4.314615] raid6: .... xor() 11147 MB/s, rmw enabled
[    4.316194] raid6: using ssse3x2 recovery algorithm
[    4.320046] xor: automatically using best checksumming function:
[    4.358880]    avx       : 21877.000 MB/sec
[    4.361785] async_tx: api initialized (async)
[    4.377546] md: raid6 personality registered for level 6
[    4.379285] md: raid5 personality registered for level 5
[    4.380971] md: raid4 personality registered for level 4
[    4.389756] md: raid10 personality registered for level 10
done.
Begin: Running /scripts/init-premount ... done.
Begin: Mounting root file system ... Begin: Running /scripts/local-top ... done.
Begin: Running /scripts/local-premount ... [    4.424709] Btrfs loaded
Scanning for Btrfs filesystems
done.
Warning: fsck not present, so skipping root file system
[    4.532567] EXT4-fs (sda1): mounted filesystem with ordered data mode. Opts: (null)
done.
Begin: Running /scripts/local-bottom ... done.
Begin: Running /scripts/init-bottom ... done.
[    5.326851] systemd[1]: systemd 229 running in system mode. (+PAM +AUDIT +SELINUX +IMA +APPARMOR +SMACK +SYSVINIT +UTMP +LIBCRYPTSETUP +GCRYPT +GNUTLS +ACL +XZ -LZ4 +SECCOMP +BLKID +ELFUTILS +KMOD -IDN)
[    5.332372] systemd[1]: Detected virtualization oracle.
[    5.335090] systemd[1]: Detected architecture x86-64.

Welcome to [1mUbuntu 16.04.6 LTS[0m!

[    5.370204] systemd[1]: Set hostname to <ubuntu-xenial>.
[    5.832053] random: nonblocking pool is initialized
[    6.403546] systemd[1]: Listening on Journal Socket (/dev/log).
[[0;32m  OK  [0m] Listening on Journal Socket (/dev/log).
[    6.407248] systemd[1]: Reached target System Time Synchronized.
[[0;32m  OK  [0m] Reached target System Time Synchronized.
[    6.411196] systemd[1]: Created slice User and Session Slice.
[[0;32m  OK  [0m] Created slice User and Session Slice.
[    6.414739] systemd[1]: Listening on LVM2 metadata daemon socket.
[[0;32m  OK  [0m] Listening on LVM2 metadata daemon socket.
[    6.418515] systemd[1]: Listening on udev Control Socket.
[[0;32m  OK  [0m] Listening on udev Control Socket.
[    6.422951] systemd[1]: Listening on Device-mapper event daemon FIFOs.
[[0;32m  OK  [0m] Listening on Device-mapper event daemon FIFOs.
[    6.427925] systemd[1]: Listening on Syslog Socket.
[[0;32m  OK  [0m] Listening on Syslog Socket.
[    6.431813] systemd[1]: Started Forward Password Requests to Wall Directory Watch.
[[0;32m  OK  [0m] Started Forward Password Requests to Wall Directory Watch.
[    6.437151] systemd[1]: Created slice System Slice.
[[0;32m  OK  [0m] Created slice System Slice.
[    6.440900] systemd[1]: Reached target Slices.
[[0;32m  OK  [0m] Reached target Slices.
[    6.443623] systemd[1]: Reached target Encrypted Volumes.
[[0;32m  OK  [0m] Reached target Encrypted Volumes.
[    6.447210] systemd[1]: Listening on LVM2 poll daemon socket.
[[0;32m  OK  [0m] Listening on LVM2 poll daemon socket.
[    6.451089] systemd[1]: Set up automount Arbitrary Executable File Formats File System Automount Point.
[[0;32m  OK  [0m] Set up automount Arbitrary Executab...ats File System Automount Point.
[    6.456966] systemd[1]: Reached target Swap.
[[0;32m  OK  [0m] Reached target Swap.
[    6.459730] systemd[1]: Reached target User and Group Name Lookups.
[[0;32m  OK  [0m] Reached target User and Group Name Lookups.
[    6.463526] systemd[1]: Listening on udev Kernel Socket.
[[0;32m  OK  [0m] Listening on udev Kernel Socket.
[    6.467099] systemd[1]: Created slice system-serial\x2dgetty.slice.
[[0;32m  OK  [0m] Created slice system-serial\x2dgetty.slice.
[    6.471258] systemd[1]: Listening on /dev/initctl Compatibility Named Pipe.
[[0;32m  OK  [0m] Listening on /dev/initctl Compatibility Named Pipe.
[    6.475674] systemd[1]: Listening on Journal Socket.
[[0;32m  OK  [0m] Listening on Journal Socket.
[    6.495351] systemd[1]: Starting Nameserver information manager...
         Starting Nameserver information manager...
[    6.501399] systemd[1]: Starting Set console keymap...
         Starting Set console keymap...
[    6.505371] systemd[1]: Starting Monitoring of LVM2 mirrors, snapshots etc. using dmeventd or progress polling...
         Starting Monitoring of LVM2 mirrors... dmeventd or progress polling...
[    6.511630] systemd[1]: Mounting Debug File System...
         Mounting Debug File System...
[    6.516286] systemd[1]: Mounting Huge Pages File System...
         Mounting Huge Pages File System...
[    6.583258] systemd[1]: Starting Create list of required static device nodes for the current kernel...
         Starting Create list of required st... nodes for the current kernel...
[    6.592660] systemd[1]: Starting Uncomplicated firewall...
         Starting Uncomplicated firewall...
[    6.597214] systemd[1]: Mounting POSIX Message Queue File System...
         Mounting POSIX Message Queue File System...
[    6.601840] systemd[1]: Listening on Journal Audit Socket.
[[0;32m  OK  [0m] Listening on Journal Audit Socket.
[    6.606285] systemd[1]: Starting Journal Service...
         Starting Journal Service...
[    6.739492] systemd[1]: Starting Load Kernel Modules...
         Starting Load Kernel Modules...
[    6.745072] systemd[1]: Started Trigger resolvconf update for networkd DNS.
[[0;32m  OK  [0m] Started Trigger resolvconf update for networkd DNS.
[    6.751346] systemd[1]: Starting Remount Root and Kernel File Systems...
         Starting Remount Root and Kernel File Systems...
[    6.756939] systemd[1]: Mounted Debug File System.
[[0;32m  OK  [0m] Mounted Debug File System.
[    6.760403] systemd[1]: Mounted Huge Pages File System.
[[0;32m  OK  [0m] Mounted Huge Pages File System.
[    6.764444] systemd[1]: Mounted POSIX Message Queue File System.
[[0;32m  OK  [0m] Mounted POSIX Message Queue File System.
[    6.769621] systemd[1]: Started Create list of required static device nodes for the current kernel.
[[0;32m  OK  [0m] Started Create list of required sta...ce nodes for the current kernel.
[    6.784615] systemd[1]: Started Uncomplicated firewall.
[[0;32m  OK  [0m] Started Uncomplicated firewall.
[    6.827240] systemd[1]: Starting Create Static Device Nodes in /dev...
         Starting Create Static Device Nodes in /dev...
[    6.835256] EXT4-fs (sda1): re-mounted. Opts: (null)
[    6.838027] systemd[1]: Started Remount Root and Kernel File Systems.
[[0;32m  OK  [0m] Started Remount Root and Kernel File Systems.
[    7.015746] systemd[1]: Starting udev Coldplug all Devices...
         Starting udev Coldplug all Devices...
[    7.022625] systemd[1]: Starting Load/Save Random Seed...
         Starting Load/Save Random Seed...
[    7.027358] systemd[1]: Started Nameserver information manager.
[[0;32m  OK  [0m] Started Nameserver information manager.
[    7.160451] systemd[1]: Started Set console keymap.
[[0;32m  OK  [0m] Started Set console keymap.
[    7.222170] systemd[1]: Started Load/Save Random Seed.
[[0;32m  OK  [0m] Started Load/Save Random Seed.
[    7.259433] Loading iSCSI transport class v2.0-870.
[    7.279999] systemd[1]: Started udev Coldplug all Devices.
[[0;32m  OK  [0m] Started udev Coldplug all Devices.
[    7.296391] systemd[1]: Started Journal Service.
[[0;32m  OK  [0m] Started Journal Service.
         Starting Flush Journal to Persistent Storage...
[[0;32m  OK  [0m] Started LVM2 metadata daemon.
[    7.378847] iscsi: registered transport (tcp)
[    7.380426] systemd-journald[392]: Received request to flush runtime journal from PID 1
[[0;32m  OK  [0m] Started Flush Journal to Persistent Storage.
[    7.600606] iscsi: registered transport (iser)
[[0;32m  OK  [0m] Started Load Kernel Modules.
         Starting Apply Kernel Variables...
         Mounting FUSE Control File System...
[[0;32m  OK  [0m] Mounted FUSE Control File System.
[[0;32m  OK  [0m] Started Create Static Device Nodes in /dev.
         Starting udev Kernel Device Manager...
[[0;32m  OK  [0m] Started Apply Kernel Variables.
[[0;32m  OK  [0m] Started Monitoring of LVM2 mirrors,...ng dmeventd or progress polling.
[[0;32m  OK  [0m] Reached target Local File Systems (Pre).
[[0;32m  OK  [0m] Reached target Local File Systems.
         Starting Tell Plymouth To Write Out Runtime Data...
         Starting Initial cloud-init job (pre-networking)...
         Starting LSB: AppArmor initialization...
         Starting Create Volatile Files and Directories...
         Starting Set console font and keymap...
[[0;32m  OK  [0m] Started udev Kernel Device Manager.
[[0;32m  OK  [0m] Started Dispatch Password Requests to Console Directory Watch.
[[0;32m  OK  [0m] Started Tell Plymouth To Write Out Runtime Data.
[[0;32m  OK  [0m] Found device /dev/ttyS0.
[[0;32m  OK  [0m] Listening on Load/Save RF Kill Switch Status /dev/rfkill Watch.
[[0;32m  OK  [0m] Found device 82540EM Gigabit Ethern...r (PRO/1000 MT Desktop Adapter).
[[0;32m  OK  [0m] Started Create Volatile Files and Directories.
         Starting Update UTMP about System Boot/Shutdown...
[[0;32m  OK  [0m] Started Update UTMP about System Boot/Shutdown.
[[0;32m  OK  [0m] Started Set console font and keymap.
[[0;32m  OK  [0m] Created slice system-getty.slice.
[[0;32m  OK  [0m] Started LSB: AppArmor initialization.
[   13.247750] cloud-init[489]: Cloud-init v. 19.2-36-g059d049c-0ubuntu2~16.04.1 running 'init-local' at Tue, 03 Dec 2019 02:21:44 +0000. Up 12.56 seconds.
[[0;32m  OK  [0m] Started Initial cloud-init job (pre-networking).
[[0;32m  OK  [0m] Reached target Network (Pre).
[[0;32m  OK  [0m] Started ifup for enp0s3.
         Starting Raise network interfaces...
[[0;32m  OK  [0m] Started Raise network interfaces.
[[0;32m  OK  [0m] Reached target Network.
         Starting Initial cloud-init job (metadata service crawler)...
[   14.619636] cloud-init[981]: Cloud-init v. 19.2-36-g059d049c-0ubuntu2~16.04.1 running 'init' at Tue, 03 Dec 2019 02:21:45 +0000. Up 14.01 seconds.
[   14.625716] cloud-init[981]: ci-info: ++++++++++++++++++++++++++++++++++++++Net device info++++++++++++++++++++++++++++++++++++++
[   14.631195] cloud-init[981]: ci-info: +--------+------+----------------------------+---------------+--------+-------------------+
[   14.635605] cloud-init[981]: ci-info: | Device |  Up  |          Address           |      Mask     | Scope  |     Hw-Address    |
[   14.640807] cloud-init[981]: ci-info: +--------+------+----------------------------+---------------+--------+-------------------+
[   14.644626] cloud-init[981]: ci-info: | enp0s3 | True |         10.0.2.15          | 255.255.255.0 | global | 02:39:67:e0:78:98 |
[   14.649654] cloud-init[981]: ci-info: | enp0s3 | True | fe80::39:67ff:fee0:7898/64 |       .       |  link  | 02:39:67:e0:78:98 |
[   14.653191] cloud-init[981]: ci-info: |   lo   | True |         127.0.0.1          |   255.0.0.0   |  host  |         .         |
[   14.656725] cloud-init[981]: ci-info: |   lo   | True |          ::1/128           |       .       |  host  |         .         |
[   14.660316] cloud-init[981]: ci-info: +--------+------+----------------------------+---------------+--------+-------------------+
[   14.663840] cloud-init[981]: ci-info: +++++++++++++++++++++++++++Route IPv4 info++++++++++++++++++++++++++++
[   14.666987] cloud-init[981]: ci-info: +-------+-------------+----------+---------------+-----------+-------+
[   14.670065] cloud-init[981]: [[0;32m  OK  [0m] Started Initial cloud-init job (metadata service crawler).
[[0;32m  OK  [0m] Reached target Cloud-config availability.
[[0;32m  OK  [0m] Reached target Network is Online.
ci-info: | Route | Destination | Gateway  |    Genmask    | Interface | Flags |
[   14.677483] cloud-init[981]: ci-info: +-------+-------------+----------+---------------+-----------+-------+
[   14.679948] cloud-init[981]: ci-info: |   0   |   0.0.0.0   | 10.0.2.2 |    0.0.0.0    |   enp0s3  |   UG  |
[   14.682860] cloud-init[981]: ci-info: |   1   |   10.0.2.0  | 0.0.0.0  | 255.255.255.0 |   enp0s3  |   U   |
[   14.685774] cloud-init[981]: ci-info: +-------+-------------+----------+---------------+-----------+-------+         Starting iSCSI initiator daemon (iscsid)...
[[0;32m  OK  [0m] Reached target System Initialization.
[[0;32m  OK  [0m] Listening on UUID daemon activation socket.
[[0;32m  OK  [0m] Listening on ACPID Listen Socket.

[   14.696826] cloud-init[981]: ci-info: +++++++++++++++++++Route IPv6 info+++++++++++++++++++
[   14.700862] cloud-init[981]: ci-info: +-------+-------------+---------+-----------+-------+
[   14.703835] cloud-init[981]: ci-info: | Route | Destination | Gateway | Interface | Flags |
[   14.707257] cloud-init[981]: ci-info: +-------+-------------+---------+-----------+-------+
[   14.710013] cloud-init[981]: ci-info: |   0   |  fe80::/64  |    ::   |   enp0s3  |   U   |[[0;32m  OK  [0m] Started ACPI Events Check.
[[0;32m  OK  [0m] Reached target Paths.
[[0;32m  OK  [0m] Listening on D-Bus System Message Bus Socket.

[   14.719170] cloud-init[981]: ci-info: |   3   |   ff00::/8  |    ::   |   enp0s3  |   U   |
[   14.722773] cloud-init[981]: ci-info: +-------+-------------+---------+-----------+-------+
         Starting LXD - unix socket.
         Starting Socket activation for snappy daemon.
[[0;32m  OK  [0m] Started Daily apt download activities.
[[0;32m  OK  [0m] Started Daily apt upgrade and clean activities.
[[0;32m  OK  [0m] Started Message of the Day.
[[0;32m  OK  [0m] Started Daily Cleanup of Temporary Directories.
[[0;32m  OK  [0m] Reached target Timers.
[[0;32m  OK  [0m] Listening on LXD - unix socket.
[[0;32m  OK  [0m] Listening on Socket activation for snappy daemon.
[[0;32m  OK  [0m] Reached target Sockets.
[[0;32m  OK  [0m] Reached target Basic System.
         Starting LXD - container startup/shutdown...
[[0;32m  OK  [0m] Started FUSE filesystem for LXC.
[[0;32m  OK  [0m] Started ACPI event daemon.
[[0;32m  OK  [0m] Started Regular background program processing daemon.
         Starting /etc/rc.local Compatibility...
         Starting System Logging Service...
         Starting LSB: MD monitoring daemon...
         Starting OpenBSD Secure Shell server...
         Starting Snappy daemon...
         Starting Accounts Service...
[[0;32m  OK  [0m] Started Deferred execution scheduler.
         Starting Login Service...
         Starting Virtualbox guest utils...
         Starting LSB: Record successful boot for GRUB...
[[0;32m  OK  [0m] Started D-Bus System Message Bus.
[[0;32m  OK  [0m] Started System Logging Service.
[[0;32m  OK  [0m] Started iSCSI initiator daemon (iscsid).
[[0;32m  OK  [0m] Started /etc/rc.local Compatibility.
[[0;32m  OK  [0m] Started OpenBSD Secure Shell server.
         Starting Login to default iSCSI targets...
[[0;32m  OK  [0m] Started Login Service.
[[0;32m  OK  [0m] Started Unattended Upgrades Shutdown.
[[0;32m  OK  [0m] Started LSB: Record successful boot for GRUB.
[[0;32m  OK  [0m] Started LSB: MD monitoring daemon.
[[0;32m  OK  [0m] Started Login to default iSCSI targets.
[[0;32m  OK  [0m] Reached target Remote File Systems (Pre).
[[0;32m  OK  [0m] Reached target Remote File Systems.
         Starting LSB: Set the CPU Frequency Scaling governor to "ondemand"...
         Starting Permit User Sessions...
         Starting LSB: automatic crash report generation...
         Starting LSB: daemon to balance interrupts for SMP systems...
         Starting Authenticate and Authorize Users to Run Privileged Tasks...
[[0;32m  OK  [0m] Started LSB: Set the CPU Frequency Scaling governor to "ondemand".
[[0;32m  OK  [0m] Started Permit User Sessions.
         Starting Hold until boot process finishes up...
         Starting Terminate Plymouth Boot Screen...
[[0;32m  OK  [0m] Started Hold until boot process finishes up.
[[0;32m  OK  [0m] Started Serial Getty on ttyS0.
[[0;32m  OK  [0m] Started Getty on tty1.
[[0;32m  OK  [0m] Reached target Login Prompts.
         Starting Set console scheme...
[[0;32m  OK  [0m] Started Terminate Plymouth Boot Screen.
[[0;32m  OK  [0m] Started Set console scheme.
[[0;32m  OK  [0m] Started LSB: daemon to balance interrupts for SMP systems.
[[0;32m  OK  [0m] Started LSB: automatic crash report generation.
[[0;32m  OK  [0m] Started Virtualbox guest utils.
[[0;32m  OK  [0m] Started Authenticate and Authorize Users to Run Privileged Tasks.
[[0;32m  OK  [0m] Started Accounts Service.
[[0;32m  OK  [0m] Created slice User Slice of vagrant.
         Starting User Manager for UID 1000...
[[0;32m  OK  [0m] Started Session 1 of user vagrant.
[[0;32m  OK  [0m] Started User Manager for UID 1000.
[[0;32m  OK  [0m] Started LXD - container startup/shutdown.
[[0;32m  OK  [0m] Started Snappy daemon.
         Starting Wait until snapd is fully seeded...
[[0;32m  OK  [0m] Started Wait until snapd is fully seeded.
[[0;32m  OK  [0m] Reached target Multi-User System.
[[0;32m  OK  [0m] Reached target Graphical Interface.
         Starting Update UTMP about System Runlevel Changes...
         Starting Apply the settings specified in cloud-config...
[[0;32m  OK  [0m] Started Update UTMP about System Runlevel Changes.
[   20.951998] cloud-init[1282]: Cloud-init v. 19.2-36-g059d049c-0ubuntu2~16.04.1 running 'modules:config' at Tue, 03 Dec 2019 02:21:52 +0000. Up 20.67 seconds.
[[0;32m  OK  [0m] Started Apply the settings specified in cloud-config.
         Starting Execute cloud user/final scripts...
[   21.417560] cloud-init[1331]: Cloud-init v. 19.2-36-g059d049c-0ubuntu2~16.04.1 running 'modules:final' at Tue, 03 Dec 2019 02:21:52 +0000. Up 21.27 seconds.
[   21.424855] cloud-init[1331]: Cloud-init v. 19.2-36-g059d049c-0ubuntu2~16.04.1 finished at Tue, 03 Dec 2019 02:21:52 +0000. Datasource DataSourceNoCloud [seed=/dev/sdb][dsmode=net].  Up 21.40 seconds
[[0;32m  OK  [0m] Started Execute cloud user/final scripts.
[[0;32m  OK  [0m] Reached target Cloud-init target.

Ubuntu 16.04.6 LTS ubuntu-xenial ttyS0

ubuntu-xenial login: 